<?xml version="1.0" encoding="UTF-8"?>
<testng-results skipped="0" failed="0" total="1" passed="1">
  <reporter-output>
  </reporter-output>
  <suite name="Default suite" duration-ms="12440" started-at="2019-04-16T05:22:43Z" finished-at="2019-04-16T05:22:56Z">
    <groups>
    </groups>
    <test name="Default test" duration-ms="12440" started-at="2019-04-16T05:22:43Z" finished-at="2019-04-16T05:22:56Z">
      <class name="test.testngbegginer">
        <test-method status="PASS" signature="loginapplication()[pri:0, instance:test.testngbegginer@36d4b5c]" name="loginapplication" duration-ms="12410" started-at="2019-04-16T10:52:43Z" description="launch" finished-at="2019-04-16T10:52:56Z">
          <reporter-output>
          </reporter-output>
        </test-method> <!-- loginapplication -->
      </class> <!-- test.testngbegginer -->
    </test> <!-- Default test -->
  </suite> <!-- Default suite -->
</testng-results>
